nohup: ignoring input
[2024-03-19 09:36:42 +0000] [691337] [INFO] Starting gunicorn 21.2.0
[2024-03-19 09:36:42 +0000] [691337] [INFO] Listening at: http://0.0.0.0:8000 (691337)
[2024-03-19 09:36:42 +0000] [691337] [INFO] Using worker: uvicorn.workers.UvicornWorker
[2024-03-19 09:36:42 +0000] [691344] [INFO] Booting worker with pid: 691344
[2024-03-19 09:36:42 +0000] [691345] [INFO] Booting worker with pid: 691345
[2024-03-19 09:36:49 +0000] [691345] [INFO] Started server process [691345]
[2024-03-19 09:36:49 +0000] [691345] [INFO] Waiting for application startup.
[2024-03-19 09:36:49 +0000] [691345] [INFO] Application startup complete.
[2024-03-19 09:36:49 +0000] [691344] [INFO] Started server process [691344]
[2024-03-19 09:36:49 +0000] [691344] [INFO] Waiting for application startup.
[2024-03-19 09:36:49 +0000] [691344] [INFO] Application startup complete.
저기요, 안녕하세...
저기요, 안녕하세요. 나는 너의 라이벌이랍니다. 
저기요,...
저기요, 안녕하세요. 나는 너의 라이벌이랍니다. 
저기요,...
저기요, 안녕하세요. 나는 너의 라이벌이랍니다. 
저기요,...
저기요, 안녕하세요. 나는 너의 라이벌이랍니다. 그런데 너는 누구니? 
전통적인...
전통적인 기계공학 영역으로 발전해 온 자동차 업계가 최근 실리콘밸리 출신 컴퓨터 공학자의 활동지로 변하고 있다. 기계적인 미캐닉 동작에 의지하던 자동차가 전기차로 전환하고 컴퓨터처럼 다양한 기능들을 탑재하면서 운영체제(OS) 개발자의 역할이 점차 커지고 있는 것이다. 다만 자동차와 소프트웨어의 결합이 시행착오를 겪는 만큼 자동차 산업에 새롭게 영입된 개발자 출신의 입지가 넓어질수록 주도권 다툼이 치열해지고 있다는 지적이 나온다. 19일 업계에 따르면 최근 자동차 산업의 소프트웨어 부문 리더십에 실리콘밸리 출신들이 잇따라 영입됐다.

result:
defaultdict(None, {'lemmaCnt': 67, 'average_sentence_similarity': 0.1540212631225586, 'topic_consistency': 0.4536, 'conjuctions': 0.014925373134328358, 'lemmattr': 0.9104477611940298, 'lemmaMattr': 0.98, 'lexicalDensityTokens': 0.004622410336377812, 'lexicalDensityTypes': 5.153559447139442e-05, 'contentTtr': 0.01114907390757058, 'functionTtr': 0.008610792192881744, 'nounTtr': 0.010832932113625422, 'verbTtr': 0.011343283582089553, 'adjTtr': 0.014925373134328358, 'advTtr': 0.014925373134328358, 'bigramLemmaTtr': 1.0, 'trigramLemmaTtr': 1.0, 'adjacent_sentence_overlap_all_lemmas': 29, 'adjacent_sentence_overlap_all_lemmas_normed': 3, 'binary_adjacent_sentence_overlap_all_lemmas': 3, 'adjacent_two_sentence_overlap_all_lemmas': 15, 'adjacent_two_sentence_overlap_all_lemmas_normed': 2, 'binary_adjacent_two_sentence_overlap_all_lemmas': 2, 'adjacent_sentence_overlap_content_lemmas': 12, 'adjacent_sentence_overlap_content_lemmas_normed': 3, 'binary_adjacent_sentence_overlap_content_lemmas': 3, 'adjacent_two_sentence_overlap_content_lemmas': 5, 'adjacent_two_sentence_overlap_content_lemmas_normed': 2, 'binary_adjacent_two_sentence_overlap_content_lemmas': 2, 'adjacent_sentence_overlap_function_lemmas': 16, 'adjacent_sentence_overlap_function_lemmas_normed': 3, 'binary_adjacent_sentence_overlap_function_lemmas': 3, 'adjacent_two_sentence_overlap_function_lemmas': 8, 'adjacent_two_sentence_overlap_function_lemmas_normed': 2, 'binary_adjacent_two_sentence_overlap_function_lemmas': 2, 'adjacent_sentence_overlap_noun_lemmas': 8, 'adjacent_sentence_overlap_noun_lemmas_normed': 3, 'binary_adjacent_sentence_overlap_noun_lemmas': 3, 'adjacent_two_sentence_overlap_noun_lemmas': 4, 'adjacent_two_sentence_overlap_noun_lemmas_normed': 2, 'binary_adjacent_two_sentence_overlap_noun_lemmas': 2, 'adjacent_sentence_overlap_verb_lemmas': 7, 'adjacent_sentence_overlap_verb_lemmas_normed': 3, 'binary_adjacent_sentence_overlap_verb_lemmas': 2, 'adjacent_two_sentence_overlap_verb_lemmas': 3, 'adjacent_two_sentence_overlap_verb_lemmas_normed': 2, 'binary_adjacent_two_sentence_overlap_verb_lemmas': 1, 'adjacent_sentence_overlap_adjective_lemmas': 0, 'adjacent_sentence_overlap_adjective_lemmas_normed': 0, 'binary_adjacent_sentence_overlap_adjective_lemmas': 0, 'adjacent_two_sentence_overlap_adjective_lemmas': 0, 'adjacent_two_sentence_overlap_adjective_lemmas_normed': 0, 'binary_adjacent_two_sentence_overlap_adjective_lemmas': 0, 'adjacent_sentence_overlap_adverb_lemmas': 0, 'adjacent_sentence_overlap_adverb_lemmas_normed': 0, 'binary_adjacent_sentence_overlap_adverb_lemmas': 0, 'adjacent_two_sentence_overlap_adverb_lemmas': 0, 'adjacent_two_sentence_overlap_adverb_lemmas_normed': 0, 'binary_adjacent_two_sentence_overlap_adverb_lemmas': 0})
전통적인...
전통적인 기계공학 영역으로 발전해 온 자동차 업계가 최근 실리콘밸리 출신 컴퓨터 공학자의 활동지로 변하고 있다. 기계적인 미캐닉 동작에 의지하던 자동차가 전기차로 전환하고 컴퓨터처럼 다양한 기능들을 탑재하면서 운영체제(OS) 개발자의 역할이 점차 커지고 있는 것이다. 다만 자동차와 소프트웨어의 결합이 시행착오를 겪는 만큼 자동차 산업에 새롭게 영입된 개발자 출신의 입지가 넓어질수록 주도권 다툼이 치열해지고 있다는 지적이 나온다. 19일 업계에 따르면 최근 자동차 산업의 소프트웨어 부문 리더십에 실리콘밸리 출신들이 잇따라 영입됐다.
전통적인...
전통적인 기계공학 영역으로 발전해 온 자동차 업계가 최근 실리콘밸리 출신 컴퓨터 공학자의 활동지로 변하고 있다. 기계적인 미캐닉 동작에 의지하던 자동차가 전기차로 전환하고 컴퓨터처럼 다양한 기능들을 탑재하면서 운영체제(OS) 개발자의 역할이 점차 커지고 있는 것이다. 다만 자동차와 소프트웨어의 결합이 시행착오를 겪는 만큼 자동차 산업에 새롭게 영입된 개발자 출신의 입지가 넓어질수록 주도권 다툼이 치열해지고 있다는 지적이 나온다. 19일 업계에 따르면 최근 자동차 산업의 소프트웨어 부문 리더십에 실리콘밸리 출신들이 잇따라 영입됐다.

result:
defaultdict(None, {'lemmaCnt': 67, 'average_sentence_similarity': 0.1540212631225586, 'topic_consistency': 0.4536, 'conjuctions': 0.014925373134328358, 'lemmattr': 0.9104477611940298, 'lemmaMattr': 0.98, 'lexicalDensityTokens': 0.004622410336377812, 'lexicalDensityTypes': 5.153559447139442e-05, 'contentTtr': 0.01114907390757058, 'functionTtr': 0.008610792192881744, 'nounTtr': 0.010832932113625422, 'verbTtr': 0.011343283582089553, 'adjTtr': 0.014925373134328358, 'advTtr': 0.014925373134328358, 'bigramLemmaTtr': 1.0, 'trigramLemmaTtr': 1.0, 'adjacent_sentence_overlap_all_lemmas': 29, 'adjacent_sentence_overlap_all_lemmas_normed': 3, 'binary_adjacent_sentence_overlap_all_lemmas': 3, 'adjacent_two_sentence_overlap_all_lemmas': 15, 'adjacent_two_sentence_overlap_all_lemmas_normed': 2, 'binary_adjacent_two_sentence_overlap_all_lemmas': 2, 'adjacent_sentence_overlap_content_lemmas': 12, 'adjacent_sentence_overlap_content_lemmas_normed': 3, 'binary_adjacent_sentence_overlap_content_lemmas': 3, 'adjacent_two_sentence_overlap_content_lemmas': 5, 'adjacent_two_sentence_overlap_content_lemmas_normed': 2, 'binary_adjacent_two_sentence_overlap_content_lemmas': 2, 'adjacent_sentence_overlap_function_lemmas': 16, 'adjacent_sentence_overlap_function_lemmas_normed': 3, 'binary_adjacent_sentence_overlap_function_lemmas': 3, 'adjacent_two_sentence_overlap_function_lemmas': 8, 'adjacent_two_sentence_overlap_function_lemmas_normed': 2, 'binary_adjacent_two_sentence_overlap_function_lemmas': 2, 'adjacent_sentence_overlap_noun_lemmas': 8, 'adjacent_sentence_overlap_noun_lemmas_normed': 3, 'binary_adjacent_sentence_overlap_noun_lemmas': 3, 'adjacent_two_sentence_overlap_noun_lemmas': 4, 'adjacent_two_sentence_overlap_noun_lemmas_normed': 2, 'binary_adjacent_two_sentence_overlap_noun_lemmas': 2, 'adjacent_sentence_overlap_verb_lemmas': 7, 'adjacent_sentence_overlap_verb_lemmas_normed': 3, 'binary_adjacent_sentence_overlap_verb_lemmas': 2, 'adjacent_two_sentence_overlap_verb_lemmas': 3, 'adjacent_two_sentence_overlap_verb_lemmas_normed': 2, 'binary_adjacent_two_sentence_overlap_verb_lemmas': 1, 'adjacent_sentence_overlap_adjective_lemmas': 0, 'adjacent_sentence_overlap_adjective_lemmas_normed': 0, 'binary_adjacent_sentence_overlap_adjective_lemmas': 0, 'adjacent_two_sentence_overlap_adjective_lemmas': 0, 'adjacent_two_sentence_overlap_adjective_lemmas_normed': 0, 'binary_adjacent_two_sentence_overlap_adjective_lemmas': 0, 'adjacent_sentence_overlap_adverb_lemmas': 0, 'adjacent_sentence_overlap_adverb_lemmas_normed': 0, 'binary_adjacent_sentence_overlap_adverb_lemmas': 0, 'adjacent_two_sentence_overlap_adverb_lemmas': 0, 'adjacent_two_sentence_overlap_adverb_lemmas_normed': 0, 'binary_adjacent_two_sentence_overlap_adverb_lemmas': 0})
[2024-03-19 12:04:29 +0000] [691337] [INFO] Handling signal: hup
[2024-03-19 12:04:29 +0000] [691337] [INFO] Hang up: Master
[2024-03-19 12:04:29 +0000] [712864] [INFO] Booting worker with pid: 712864
[2024-03-19 12:04:29 +0000] [712865] [INFO] Booting worker with pid: 712865
[2024-03-19 12:04:30 +0000] [691337] [ERROR] Worker (pid:691345) exited with code 129
[2024-03-19 12:04:30 +0000] [691337] [ERROR] Worker (pid:691345) exited with code 129.
[2024-03-19 12:04:30 +0000] [691337] [ERROR] Worker (pid:691344) exited with code 129
[2024-03-19 12:04:30 +0000] [691337] [ERROR] Worker (pid:691344) exited with code 129.
[2024-03-19 12:04:36 +0000] [712865] [INFO] Started server process [712865]
[2024-03-19 12:04:36 +0000] [712865] [INFO] Waiting for application startup.
[2024-03-19 12:04:36 +0000] [712865] [INFO] Application startup complete.
[2024-03-19 12:04:36 +0000] [712864] [INFO] Started server process [712864]
[2024-03-19 12:04:36 +0000] [712864] [INFO] Waiting for application startup.
[2024-03-19 12:04:36 +0000] [712864] [INFO] Application startup complete.
